<?xml version="1.0" encoding="UTF-8"?>
<!-- Generated by org.testng.reporters.JUnitXMLReporter -->
<testsuite ignored="1" hostname="DESKTOP-9QNLE1V" failures="0" tests="4" name="Test1" time="43.77" errors="0" timestamp="2022-06-22T23:54:50 IST">
  <testcase classname="tests.NewTest" name="titlecheck" time="0.386"/>
  <testcase classname="tests.NewTest" name="urlCheck" time="0.027"/>
  <testcase classname="tests.TestVerify" name="checkText" time="16.81"/>
  <testcase classname="tests.TestVerify" name="addCheck" time="12.449"/>
  <testcase classname="tests.NewTest" name="@BeforeTest beforeTest" time="0.0">
    <ignored/>
  </testcase> <!-- @BeforeTest beforeTest -->
</testsuite> <!-- Test1 -->
