<?xml version="1.0" encoding="UTF-8"?>
<!-- Generated by org.testng.reporters.JUnitXMLReporter -->
<testsuite ignored="0" hostname="DESKTOP-9QNLE1V" failures="0" tests="4" name="Test" time="27.151" errors="0" timestamp="2022-06-20T01:03:58 IST">
  <testcase classname="tests.TestVerify" name="checkText" time="14.299"/>
  <testcase classname="tests.TestVerify" name="addCheck" time="12.692"/>
  <testcase classname="tests.NewTest" name="titlecheck" time="0.031"/>
  <testcase classname="tests.NewTest" name="urlCheck" time="0.02"/>
</testsuite> <!-- Test -->
